c:\users\gosia\source\repos\pt_project_bodypainting\pt_project_bodypainting\x64\debug\vc141.pdb
c:\users\gosia\source\repos\pt_project_bodypainting\pt_project_bodypainting\x64\debug\vc141.idb
c:\users\gosia\source\repos\pt_project_bodypainting\pt_project_bodypainting\x64\debug\purpledetector.obj
c:\users\gosia\source\repos\pt_project_bodypainting\pt_project_bodypainting\x64\debug\pointercapture.obj
c:\users\gosia\source\repos\pt_project_bodypainting\pt_project_bodypainting\x64\debug\detector.obj
c:\users\gosia\source\repos\pt_project_bodypainting\pt_project_bodypainting\x64\debug\button.obj
c:\users\gosia\source\repos\pt_project_bodypainting\pt_project_bodypainting\x64\debug\main.obj
c:\users\gosia\source\repos\pt_project_bodypainting\pt_project_bodypainting\x64\debug\paintwindow.obj
c:\users\gosia\source\repos\pt_project_bodypainting\x64\debug\pt_project_bodypainting.ilk
c:\users\gosia\source\repos\pt_project_bodypainting\x64\debug\pt_project_bodypainting.exe
c:\users\gosia\source\repos\pt_project_bodypainting\x64\debug\pt_project_bodypainting.pdb
c:\users\gosia\source\repos\pt_project_bodypainting\pt_project_bodypainting\x64\debug\pt_proje.995f25bd.tlog\cl.command.1.tlog
c:\users\gosia\source\repos\pt_project_bodypainting\pt_project_bodypainting\x64\debug\pt_proje.995f25bd.tlog\cl.read.1.tlog
c:\users\gosia\source\repos\pt_project_bodypainting\pt_project_bodypainting\x64\debug\pt_proje.995f25bd.tlog\cl.write.1.tlog
c:\users\gosia\source\repos\pt_project_bodypainting\pt_project_bodypainting\x64\debug\pt_proje.995f25bd.tlog\link-cvtres.read.1.tlog
c:\users\gosia\source\repos\pt_project_bodypainting\pt_project_bodypainting\x64\debug\pt_proje.995f25bd.tlog\link-cvtres.write.1.tlog
c:\users\gosia\source\repos\pt_project_bodypainting\pt_project_bodypainting\x64\debug\pt_proje.995f25bd.tlog\link-rc.read.1.tlog
c:\users\gosia\source\repos\pt_project_bodypainting\pt_project_bodypainting\x64\debug\pt_proje.995f25bd.tlog\link-rc.write.1.tlog
c:\users\gosia\source\repos\pt_project_bodypainting\pt_project_bodypainting\x64\debug\pt_proje.995f25bd.tlog\link.23520-cvtres.read.1.tlog
c:\users\gosia\source\repos\pt_project_bodypainting\pt_project_bodypainting\x64\debug\pt_proje.995f25bd.tlog\link.23520-cvtres.write.1.tlog
c:\users\gosia\source\repos\pt_project_bodypainting\pt_project_bodypainting\x64\debug\pt_proje.995f25bd.tlog\link.23520-rc.read.1.tlog
c:\users\gosia\source\repos\pt_project_bodypainting\pt_project_bodypainting\x64\debug\pt_proje.995f25bd.tlog\link.23520-rc.write.1.tlog
c:\users\gosia\source\repos\pt_project_bodypainting\pt_project_bodypainting\x64\debug\pt_proje.995f25bd.tlog\link.23520.read.1.tlog
c:\users\gosia\source\repos\pt_project_bodypainting\pt_project_bodypainting\x64\debug\pt_proje.995f25bd.tlog\link.23520.write.1.tlog
c:\users\gosia\source\repos\pt_project_bodypainting\pt_project_bodypainting\x64\debug\pt_proje.995f25bd.tlog\link.command.1.tlog
c:\users\gosia\source\repos\pt_project_bodypainting\pt_project_bodypainting\x64\debug\pt_proje.995f25bd.tlog\link.read.1.tlog
c:\users\gosia\source\repos\pt_project_bodypainting\pt_project_bodypainting\x64\debug\pt_proje.995f25bd.tlog\link.write.1.tlog
