  Detector.cpp
c:\users\gosia\source\repos\pt_project_bodypainting\pt_project_bodypainting\detector.cpp(71): warning C4244: "argument": konwersja z "double" do "_Tp", możliwa utrata danych
          with
          [
              _Tp=float
          ]
c:\users\gosia\source\repos\pt_project_bodypainting\pt_project_bodypainting\detector.cpp(72): warning C4244: "=": konwersja z "_Tp" do "int", możliwa utrata danych
          with
          [
              _Tp=float
          ]
c:\users\gosia\source\repos\pt_project_bodypainting\pt_project_bodypainting\detector.cpp(73): warning C4244: "=": konwersja z "_Tp" do "int", możliwa utrata danych
          with
          [
              _Tp=float
          ]
c:\users\gosia\source\repos\pt_project_bodypainting\pt_project_bodypainting\detector.cpp(76): warning C4267: "argument": konwersja z "size_t" do "int", możliwa utrata danych
  Main.cpp
c:\users\gosia\source\repos\pt_project_bodypainting\pt_project_bodypainting\main.cpp(21): warning C4244: "argument": konwersja z "time_t" do "unsigned int", możliwa utrata danych
  PaintWindow.cpp
c:\users\gosia\source\repos\pt_project_bodypainting\pt_project_bodypainting\paintwindow.cpp(102): warning C4244: "argument": konwersja z "T" do "T", możliwa utrata danych
          with
          [
              T=unsigned int
          ]
          and
          [
              T=float
          ]
c:\users\gosia\source\repos\pt_project_bodypainting\pt_project_bodypainting\paintwindow.cpp(195): warning C4018: "<": niezgodność typu ze znakiem/bez znaku
c:\users\gosia\source\repos\pt_project_bodypainting\pt_project_bodypainting\paintwindow.cpp(240): warning C4018: "<": niezgodność typu ze znakiem/bez znaku
  PurpleDetector.cpp
  Generowanie kodu...
  PT_Project_BodyPainting.vcxproj -> C:\Users\Gosia\source\repos\PT_Project_BodyPainting\x64\Debug\PT_Project_BodyPainting.exe
